<?xml version="1.0" encoding="UTF-8"?>
<testng-results ignored="0" total="1" passed="1" failed="0" skipped="0">
  <reporter-output>
  </reporter-output>
  <suite started-at="2021-10-13T07:12:02 IST" name="Surefire suite" finished-at="2021-10-13T07:12:12 IST" duration-ms="10246">
    <groups>
    </groups>
    <test started-at="2021-10-13T07:12:02 IST" name="Surefire test" finished-at="2021-10-13T07:12:12 IST" duration-ms="10246">
      <class name="com.testingautomation.testingautomation.MainPageTest">
        <test-method is-config="true" signature="setUp()[pri:0, instance:com.testingautomation.testingautomation.MainPageTest@78411116]" started-at="2021-10-13T07:12:02 IST" name="setUp" finished-at="2021-10-13T07:12:02 IST" duration-ms="19" status="PASS">
          <reporter-output>
          </reporter-output>
        </test-method> <!-- setUp -->
        <test-method signature="openPage()[pri:0, instance:com.testingautomation.testingautomation.MainPageTest@78411116]" started-at="2021-10-13T07:12:02 IST" name="openPage" finished-at="2021-10-13T07:12:12 IST" duration-ms="10077" status="PASS">
          <reporter-output>
          </reporter-output>
        </test-method> <!-- openPage -->
      </class> <!-- com.testingautomation.testingautomation.MainPageTest -->
    </test> <!-- Surefire test -->
  </suite> <!-- Surefire suite -->
</testng-results>
